<?xml version="1.0" encoding="UTF-8"?>
<testng-results ignored="0" total="2" passed="2" failed="0" skipped="0">
  <reporter-output>
  </reporter-output>
  <suite started-at="2022-12-23T14:49:26 IST" name="Default suite" finished-at="2022-12-23T14:49:36 IST" duration-ms="10203">
    <groups>
    </groups>
    <test started-at="2022-12-23T14:49:26 IST" name="Default test" finished-at="2022-12-23T14:49:36 IST" duration-ms="10203">
      <class name="FrontEnd.Tests.SignUpTest">
        <test-method is-config="true" signature="launchWebsite()[pri:0, instance:FrontEnd.Tests.SignUpTest@771a660]" started-at="2022-12-23T14:49:26 IST" name="launchWebsite" finished-at="2022-12-23T14:49:30 IST" duration-ms="4556" status="PASS">
          <reporter-output>
          </reporter-output>
        </test-method> <!-- launchWebsite -->
        <test-method signature="signUpwithRegisteredNum()[pri:0, instance:FrontEnd.Tests.SignUpTest@771a660]" started-at="2022-12-23T14:49:30 IST" name="signUpwithRegisteredNum" finished-at="2022-12-23T14:49:32 IST" duration-ms="1468" status="PASS">
          <reporter-output>
          </reporter-output>
        </test-method> <!-- signUpwithRegisteredNum -->
        <test-method is-config="true" signature="launchWebsite()[pri:0, instance:FrontEnd.Tests.SignUpTest@771a660]" started-at="2022-12-23T14:49:32 IST" name="launchWebsite" finished-at="2022-12-23T14:49:34 IST" duration-ms="2378" status="PASS">
          <reporter-output>
          </reporter-output>
        </test-method> <!-- launchWebsite -->
        <test-method signature="signUpwithoutPhoneNum()[pri:0, instance:FrontEnd.Tests.SignUpTest@771a660]" started-at="2022-12-23T14:49:34 IST" name="signUpwithoutPhoneNum" finished-at="2022-12-23T14:49:36 IST" duration-ms="1717" status="PASS">
          <reporter-output>
          </reporter-output>
        </test-method> <!-- signUpwithoutPhoneNum -->
      </class> <!-- FrontEnd.Tests.SignUpTest -->
    </test> <!-- Default test -->
  </suite> <!-- Default suite -->
</testng-results>
